scripts/grade_phase5_readiness.py:25: error: Returning Any from function declared to return "dict[str, Any] | None"  [no-any-return]
tests/benchmarks/results_analyzer.py:55: error: Returning Any from function declared to return "dict[str, Any]"  [no-any-return]
tests/benchmarks/workload_generator.py:55: error: Need type annotation for "stored_ids"  [var-annotated]
tests/benchmarks/workload_generator.py:63: error: Need type annotation for "neo4j_entity_ids" (hint: "neo4j_entity_ids: list[<type>] = ...")  [var-annotated]
tests/utils/test_llm_client_demo_output.py:13: error: Argument 1 to "module_from_spec" has incompatible type "ModuleSpec | None"; expected "ModuleSpec"  [arg-type]
tests/utils/test_llm_client_demo_output.py:15: error: Item "None" of "ModuleSpec | None" has no attribute "name"  [union-attr]
tests/utils/test_llm_client_demo_output.py:16: error: Item "None" of "ModuleSpec | None" has no attribute "loader"  [union-attr]
tests/utils/test_llm_client_demo_output.py:16: error: Item "None" of "Loader | Any | None" has no attribute "exec_module"  [union-attr]
tests/utils/test_llm_client_demo_output.py:80: error: Unused "type: ignore" comment  [unused-ignore]
tests/utils/test_llm_client_demo_output.py:101: error: Unused "type: ignore" comment  [unused-ignore]
tests/utils/test_llm_client_demo_output.py:140: error: Unused "type: ignore" comment  [unused-ignore]
tests/utils/test_llm_client_demo_output.py:165: error: Unused "type: ignore" comment  [unused-ignore]
tests/evaluation/test_mas_agents.py:29: error: Module has no attribute "modify_params"  [attr-defined]
tests/evaluation/test_mas_agents.py:30: error: Module has no attribute "model_alias_map"  [attr-defined]
tests/evaluation/test_mas_agents.py:31: error: Module has no attribute "model_cost"  [attr-defined]
tests/evaluation/test_mas_agents.py:32: error: Module has no attribute "openai_key"  [attr-defined]
tests/evaluation/test_mas_agents.py:33: error: Module has no attribute "anthropic_key"  [attr-defined]
tests/evaluation/test_mas_agents.py:55: error: Module has no attribute "token_counter"  [attr-defined]
tests/evaluation/test_mas_agents.py:56: error: Module has no attribute "get_max_tokens"  [attr-defined]
tests/evaluation/test_mas_agents.py:57: error: Module has no attribute "completion_cost"  [attr-defined]
tests/evaluation/test_mas_agents.py:58: error: Module has no attribute "completion"  [attr-defined]
tests/evaluation/test_mas_agents.py:65: error: Module has no attribute "ContextWindowExceededError"  [attr-defined]
scripts/verify_typesense_docs.py:60: error: Argument "params" to "get" of "Client" has incompatible type "dict[str, object]"; expected "QueryParams | Mapping[str, str | int | float | bool | None | Sequence[str | int | float | bool | None]] | list[tuple[str, str | int | float | bool | None]] | tuple[tuple[str, str | int | float | bool | None], ...] | str | bytes | None"  [arg-type]
scripts/verify_typesense_docs.py:95: error: Argument "params" to "get" of "Client" has incompatible type "dict[str, object]"; expected "QueryParams | Mapping[str, str | int | float | bool | None | Sequence[str | int | float | bool | None]] | list[tuple[str, str | int | float | bool | None]] | tuple[tuple[str, str | int | float | bool | None], ...] | str | bytes | None"  [arg-type]
scripts/verify_typesense_docs.py:114: error: Argument "params" to "get" of "Client" has incompatible type "dict[str, object]"; expected "QueryParams | Mapping[str, str | int | float | bool | None | Sequence[str | int | float | bool | None]] | list[tuple[str, str | int | float | bool | None]] | tuple[tuple[str, str | int | float | bool | None], ...] | str | bytes | None"  [arg-type]
scripts/poll_memory_state.py:54: error: Returning Any from function declared to return "dict[str, Any]"  [no-any-return]
scripts/archive_docs_to_typesense.py:80: error: Returning Any from function declared to return "dict[Any, Any] | None"  [no-any-return]
scripts/archive_docs_to_typesense.py:87: error: Returning Any from function declared to return "dict[Any, Any]"  [no-any-return]
tests/utils/test_gemini_structured_output.py:222: note: By default the bodies of untyped functions are not checked, consider using --check-untyped-defs  [annotation-unchecked]
tests/utils/test_gemini_structured_output.py:223: note: By default the bodies of untyped functions are not checked, consider using --check-untyped-defs  [annotation-unchecked]
tests/utils/test_gemini_structured_output.py:224: note: By default the bodies of untyped functions are not checked, consider using --check-untyped-defs  [annotation-unchecked]
tests/utils/test_gemini_structured_output.py:225: note: By default the bodies of untyped functions are not checked, consider using --check-untyped-defs  [annotation-unchecked]
tests/utils/test_gemini_structured_output.py:226: note: By default the bodies of untyped functions are not checked, consider using --check-untyped-defs  [annotation-unchecked]
tests/utils/test_gemini_structured_output.py:229: note: By default the bodies of untyped functions are not checked, consider using --check-untyped-defs  [annotation-unchecked]
tests/test_connectivity.py:32: error: Incompatible types in assignment (expression has type "None", variable has type Module)  [assignment]
tests/test_connectivity.py:42: error: Incompatible types in assignment (expression has type "None", variable has type Module)  [assignment]
tests/test_connectivity.py:49: error: Cannot assign to a type  [misc]
tests/test_connectivity.py:49: error: Incompatible types in assignment (expression has type "None", variable has type "type[QdrantClient]")  [assignment]
tests/test_connectivity.py:54: error: Cannot assign to a type  [misc]
tests/test_connectivity.py:54: error: Incompatible types in assignment (expression has type "None", variable has type "type[GraphDatabase]")  [assignment]
tests/test_connectivity.py:57: error: Library stubs not installed for "requests"  [import-untyped]
tests/test_connectivity.py:57: note: Hint: "python3 -m pip install types-requests"
tests/test_connectivity.py:57: note: (or run "mypy --install-types" to install all missing stub packages)
tests/test_connectivity.py:57: note: See https://mypy.readthedocs.io/en/stable/running_mypy.html#missing-imports
tests/benchmarks/bench_storage_adapters.py:60: error: Need type annotation for "adapters" (hint: "adapters: dict[<type>, <type>] = ...")  [var-annotated]
tests/benchmarks/bench_storage_adapters.py:139: error: Incompatible types in assignment (expression has type "QdrantAdapter", variable has type "RedisAdapter")  [assignment]
tests/benchmarks/bench_storage_adapters.py:141: error: Incompatible types in assignment (expression has type "Neo4jAdapter", variable has type "RedisAdapter")  [assignment]
tests/benchmarks/bench_storage_adapters.py:143: error: Incompatible types in assignment (expression has type "TypesenseAdapter", variable has type "RedisAdapter")  [assignment]
scripts/ensure_episodes_collection.py:18: error: Item "None" of "AsyncQdrantClient | None" has no attribute "get_collection"  [union-attr]
scripts/create_qdrant_index.py:17: error: Item "None" of "AsyncQdrantClient | None" has no attribute "create_payload_index"  [union-attr]
scripts/debug/debug_qdrant_dump.py:24: error: Item "None" of "AsyncQdrantClient | None" has no attribute "count"  [union-attr]
scripts/debug/debug_qdrant_dump.py:31: error: Item "None" of "AsyncQdrantClient | None" has no attribute "scroll"  [union-attr]
benchmarks/goodai-ltm-benchmark/utils/llm.py:15: error: Name "google_exceptions" already defined (possibly by an import)  [no-redef]
benchmarks/goodai-ltm-benchmark/model_interfaces/interface.py:25: error: Need type annotation for "metadata" (hint: "metadata: dict[<type>, <type>] = ...")  [var-annotated]
tests/integration/conftest.py:60: error: Argument 1 to "int" has incompatible type "str | None"; expected "str | Buffer | SupportsInt | SupportsIndex | SupportsTrunc"  [arg-type]
tests/integration/conftest.py:62: error: Argument 1 to "int" has incompatible type "str | None"; expected "str | Buffer | SupportsInt | SupportsIndex | SupportsTrunc"  [arg-type]
tests/integration/conftest.py:67: error: Argument 1 to "int" has incompatible type "str | None"; expected "str | Buffer | SupportsInt | SupportsIndex | SupportsTrunc"  [arg-type]
tests/integration/conftest.py:179: error: Need type annotation for "test_results" (hint: "test_results: list[<type>] = ...")  [var-annotated]
tests/integration/conftest.py:228: error: The return type of a generator function should be "Generator" or one of its supertypes  [misc]
tests/integration/conftest.py:260: error: Unused "type: ignore" comment  [unused-ignore]
tests/integration/conftest.py:277: error: Unused "type: ignore" comment  [unused-ignore]
tests/integration/conftest.py:493: error: Item "None" of "AsyncDriver | None" has no attribute "session"  [union-attr]
tests/integration/conftest.py:502: error: Incompatible types in assignment (expression has type "Any | int", target has type "str")  [assignment]
tests/integration/conftest.py:525: error: Item "None" of "AsyncConnectionPool[AsyncConnection[tuple[Any, ...]]] | None" has no attribute "connection"  [union-attr]
tests/integration/conftest.py:536: error: Incompatible types in assignment (expression has type "int | Any", target has type "str")  [assignment]
tests/integration/conftest.py:537: error: Incompatible types in assignment (expression has type "int | Any", target has type "str")  [assignment]
tests/integration/conftest.py:551: error: Incompatible types in assignment (expression has type "int", target has type "str")  [assignment]
tests/integration/conftest.py:553: error: Incompatible types in assignment (expression has type "int", target has type "str")  [assignment]
src/agents/rag_agent.py:156: error: Returning Any from function declared to return "list[dict[str, Any]]"  [no-any-return]
benchmarks/goodai-ltm-benchmark/model_interfaces/remote_agent.py:9: error: Library stubs not installed for "requests"  [import-untyped]
benchmarks/goodai-ltm-benchmark/model_interfaces/remote_agent.py:9: note: Hint: "python3 -m pip install types-requests"
benchmarks/goodai-ltm-benchmark/model_interfaces/remote_agent.py:9: note: (or run "mypy --install-types" to install all missing stub packages)
benchmarks/goodai-ltm-benchmark/model_interfaces/remote_agent.py:9: note: See https://mypy.readthedocs.io/en/stable/running_mypy.html#missing-imports
benchmarks/goodai-ltm-benchmark/model_interfaces/mas_agents.py:8: error: Library stubs not installed for "requests"  [import-untyped]
benchmarks/goodai-ltm-benchmark/model_interfaces/charlie_interface.py:6: error: Library stubs not installed for "requests"  [import-untyped]
benchmarks/goodai-ltm-benchmark/model_interfaces/charlie_interface.py:6: note: Hint: "python3 -m pip install types-requests"
benchmarks/goodai-ltm-benchmark/model_interfaces/charlie_interface.py:6: note: (or run "mypy --install-types" to install all missing stub packages)
benchmarks/goodai-ltm-benchmark/model_interfaces/charlie_interface.py:6: note: See https://mypy.readthedocs.io/en/stable/running_mypy.html#missing-imports
scripts/llm_client_demo.py:34: error: Argument "api_key" to "GeminiProvider" has incompatible type "str | None"; expected "str"  [arg-type]
scripts/llm_client_demo.py:39: error: Argument "api_key" to "GroqProvider" has incompatible type "str | None"; expected "str"  [arg-type]
scripts/llm_client_demo.py:43: error: Argument "api_key" to "MistralProvider" has incompatible type "str | None"; expected "str"  [arg-type]
tests/integration/test_memory_lifecycle.py:779: error: Argument "role" to "TurnData" has incompatible type "str"; expected "Literal['user', 'assistant', 'system']"  [arg-type]
benchmarks/goodai-ltm-benchmark/dataset_interfaces/factory.py:7: error: Cannot assign to a type  [misc]
benchmarks/goodai-ltm-benchmark/dataset_interfaces/factory.py:7: error: Incompatible types in assignment (expression has type "None", variable has type "type[ChapterBreakDataset]")  [assignment]
tests/integration/test_memory_inspector.py:110: error: Argument "timestamp" to "TurnData" has incompatible type "float"; expected "datetime"  [arg-type]
scripts/run_benchmark_v2.py:119: error: Incompatible types in assignment (expression has type "bool", variable has type "str")  [assignment]
scripts/run_benchmark_v2.py:121: error: Incompatible types in assignment (expression has type "bool", variable has type "str")  [assignment]
scripts/run_benchmark_v2.py:124: error: Incompatible types in assignment (expression has type "int", variable has type "str")  [assignment]
scripts/run_benchmark_v2.py:127: error: Incompatible types in assignment (expression has type "float", variable has type "str")  [assignment]
benchmarks/goodai-ltm-benchmark/runner/progress.py:26: error: Name "tqdm" already defined on line 23  [no-redef]
src/memory/unified_memory_system.py:558: error: Argument "vector_store" to "KnowledgeStoreManager" has incompatible type "MockQdrantStore"; expected "QdrantVectorStore"  [arg-type]
benchmarks/goodai-ltm-benchmark/tests/test_benchmark_v2.py:24: error: Return type "tuple[str, dict[str, Any]]" of "reply" incompatible with return type "str" in supertype "model_interfaces.interface.ChatSession"  [override]
src/agents/runtime.py:82: error: Variable "langchain_core.tools.ToolRuntime" is not valid as a type  [valid-type]
src/agents/runtime.py:82: note: See https://mypy.readthedocs.io/en/stable/common_issues.html#variables-vs-type-aliases
src/agents/runtime.py:92: error: Variable "langchain_core.tools.ToolRuntime" is not valid as a type  [valid-type]
src/agents/runtime.py:92: note: See https://mypy.readthedocs.io/en/stable/common_issues.html#variables-vs-type-aliases
src/agents/runtime.py:108: error: LangChainToolRuntime? has no attribute "context"  [attr-defined]
src/agents/runtime.py:113: error: Returning Any from function declared to return "str"  [no-any-return]
src/agents/runtime.py:123: error: LangChainToolRuntime? has no attribute "context"  [attr-defined]
src/agents/runtime.py:127: error: Returning Any from function declared to return "str | None"  [no-any-return]
src/agents/runtime.py:137: error: LangChainToolRuntime? has no attribute "context"  [attr-defined]
src/agents/runtime.py:141: error: Returning Any from function declared to return "str | None"  [no-any-return]
src/agents/runtime.py:151: error: LangChainToolRuntime? has no attribute "context"  [attr-defined]
src/agents/runtime.py:155: error: Returning Any from function declared to return "str | None"  [no-any-return]
src/agents/runtime.py:165: error: LangChainToolRuntime? has no attribute "context"  [attr-defined]
src/agents/runtime.py:183: error: LangChainToolRuntime? has no attribute "context"  [attr-defined]
src/agents/runtime.py:203: error: LangChainToolRuntime? has no attribute "state"  [attr-defined]
src/agents/runtime.py:212: error: Returning Any from function declared to return "list[Any]"  [no-any-return]
src/agents/runtime.py:212: error: LangChainToolRuntime? has no attribute "state"  [attr-defined]
src/agents/runtime.py:229: error: LangChainToolRuntime? has no attribute "stream_writer"  [attr-defined]
src/agents/runtime.py:231: error: LangChainToolRuntime? has no attribute "stream_writer"  [attr-defined]
src/agents/runtime.py:250: error: LangChainToolRuntime? has no attribute "store"  [attr-defined]
src/agents/runtime.py:253: error: LangChainToolRuntime? has no attribute "store"  [attr-defined]
src/agents/runtime.py:265: error: LangChainToolRuntime? has no attribute "store"  [attr-defined]
src/agents/runtime.py:266: error: LangChainToolRuntime? has no attribute "store"  [attr-defined]
src/agents/runtime.py:277: error: LangChainToolRuntime? has no attribute "stream_writer"  [attr-defined]
src/agents/runtime.py:278: error: LangChainToolRuntime? has no attribute "stream_writer"  [attr-defined]
src/agents/tools/unified_tools.py:109: error: Variable "langchain_core.tools.ToolRuntime" is not valid as a type  [valid-type]
src/agents/tools/unified_tools.py:109: note: See https://mypy.readthedocs.io/en/stable/common_issues.html#variables-vs-type-aliases
src/agents/tools/unified_tools.py:208: error: Variable "langchain_core.tools.ToolRuntime" is not valid as a type  [valid-type]
src/agents/tools/unified_tools.py:208: note: See https://mypy.readthedocs.io/en/stable/common_issues.html#variables-vs-type-aliases
src/agents/tools/unified_tools.py:247: error: Returning Any from function declared to return "str"  [no-any-return]
src/agents/tools/unified_tools.py:279: error: Variable "langchain_core.tools.ToolRuntime" is not valid as a type  [valid-type]
src/agents/tools/unified_tools.py:279: note: See https://mypy.readthedocs.io/en/stable/common_issues.html#variables-vs-type-aliases
src/agents/tools/tier_tools.py:96: error: Incompatible default for argument "runtime" (default has type "None", argument has type "RunnableConfig")  [assignment]
src/agents/tools/tier_tools.py:96: note: PEP 484 prohibits implicit Optional. Accordingly, mypy has changed its default to no_implicit_optional=True
src/agents/tools/tier_tools.py:96: note: Use https://github.com/hauntsaninja/no_implicit_optional to automatically upgrade your codebase
src/agents/tools/tier_tools.py:176: error: Incompatible default for argument "runtime" (default has type "None", argument has type "RunnableConfig")  [assignment]
src/agents/tools/tier_tools.py:176: note: PEP 484 prohibits implicit Optional. Accordingly, mypy has changed its default to no_implicit_optional=True
src/agents/tools/tier_tools.py:176: note: Use https://github.com/hauntsaninja/no_implicit_optional to automatically upgrade your codebase
src/agents/tools/tier_tools.py:222: error: Item "None" of "GraphQueryTemplate | None" has no attribute "merge_params"  [union-attr]
src/agents/tools/tier_tools.py:247: error: Incompatible default for argument "runtime" (default has type "None", argument has type "RunnableConfig")  [assignment]
src/agents/tools/tier_tools.py:247: note: PEP 484 prohibits implicit Optional. Accordingly, mypy has changed its default to no_implicit_optional=True
src/agents/tools/tier_tools.py:247: note: Use https://github.com/hauntsaninja/no_implicit_optional to automatically upgrade your codebase
src/agents/tools/tier_tools.py:302: error: Incompatible default for argument "runtime" (default has type "None", argument has type "RunnableConfig")  [assignment]
src/agents/tools/tier_tools.py:302: note: PEP 484 prohibits implicit Optional. Accordingly, mypy has changed its default to no_implicit_optional=True
src/agents/tools/tier_tools.py:302: note: Use https://github.com/hauntsaninja/no_implicit_optional to automatically upgrade your codebase
src/agents/tools/synthesis_tools.py:58: error: Incompatible default for argument "runtime" (default has type "None", argument has type "RunnableConfig")  [assignment]
src/agents/tools/synthesis_tools.py:58: note: PEP 484 prohibits implicit Optional. Accordingly, mypy has changed its default to no_implicit_optional=True
src/agents/tools/synthesis_tools.py:58: note: Use https://github.com/hauntsaninja/no_implicit_optional to automatically upgrade your codebase
src/agents/tools/ciar_tools.py:101: error: Incompatible default for argument "runtime" (default has type "None", argument has type "RunnableConfig")  [assignment]
src/agents/tools/ciar_tools.py:101: note: PEP 484 prohibits implicit Optional. Accordingly, mypy has changed its default to no_implicit_optional=True
src/agents/tools/ciar_tools.py:101: note: Use https://github.com/hauntsaninja/no_implicit_optional to automatically upgrade your codebase
src/agents/tools/ciar_tools.py:174: error: Incompatible default for argument "runtime" (default has type "None", argument has type "RunnableConfig")  [assignment]
src/agents/tools/ciar_tools.py:174: note: PEP 484 prohibits implicit Optional. Accordingly, mypy has changed its default to no_implicit_optional=True
src/agents/tools/ciar_tools.py:174: note: Use https://github.com/hauntsaninja/no_implicit_optional to automatically upgrade your codebase
src/agents/tools/ciar_tools.py:232: error: Incompatible default for argument "runtime" (default has type "None", argument has type "RunnableConfig")  [assignment]
src/agents/tools/ciar_tools.py:232: note: PEP 484 prohibits implicit Optional. Accordingly, mypy has changed its default to no_implicit_optional=True
src/agents/tools/ciar_tools.py:232: note: Use https://github.com/hauntsaninja/no_implicit_optional to automatically upgrade your codebase
tests/agents/tools/test_unified_tools.py:167: note: By default the bodies of untyped functions are not checked, consider using --check-untyped-defs  [annotation-unchecked]
tests/agents/tools/test_unified_tools.py:168: note: By default the bodies of untyped functions are not checked, consider using --check-untyped-defs  [annotation-unchecked]
tests/agents/tools/test_unified_tools.py:172: note: By default the bodies of untyped functions are not checked, consider using --check-untyped-defs  [annotation-unchecked]
tests/agents/tools/test_unified_tools.py:173: note: By default the bodies of untyped functions are not checked, consider using --check-untyped-defs  [annotation-unchecked]
tests/agents/tools/test_unified_tools.py:194: note: By default the bodies of untyped functions are not checked, consider using --check-untyped-defs  [annotation-unchecked]
tests/agents/tools/test_unified_tools.py:195: note: By default the bodies of untyped functions are not checked, consider using --check-untyped-defs  [annotation-unchecked]
tests/agents/tools/test_unified_tools.py:199: note: By default the bodies of untyped functions are not checked, consider using --check-untyped-defs  [annotation-unchecked]
tests/agents/tools/test_unified_tools.py:200: note: By default the bodies of untyped functions are not checked, consider using --check-untyped-defs  [annotation-unchecked]
tests/agents/tools/test_unified_tools.py:220: note: By default the bodies of untyped functions are not checked, consider using --check-untyped-defs  [annotation-unchecked]
tests/agents/tools/test_unified_tools.py:221: note: By default the bodies of untyped functions are not checked, consider using --check-untyped-defs  [annotation-unchecked]
tests/agents/tools/test_unified_tools.py:225: note: By default the bodies of untyped functions are not checked, consider using --check-untyped-defs  [annotation-unchecked]
tests/agents/tools/test_unified_tools.py:226: note: By default the bodies of untyped functions are not checked, consider using --check-untyped-defs  [annotation-unchecked]
tests/integration/test_instruction_recall.py:65: note: By default the bodies of untyped functions are not checked, consider using --check-untyped-defs  [annotation-unchecked]
src/evaluation/agent_wrapper.py:261: error: Argument "knowledge_manager" to "UnifiedMemorySystem" has incompatible type "NullKnowledgeStoreManager"; expected "KnowledgeStoreManager"  [arg-type]
src/evaluation/agent_wrapper.py:268: error: Unexpected keyword argument "llm_client" for "BaseAgent"  [call-arg]
src/agents/base_agent.py:23: note: "BaseAgent" defined here
src/evaluation/agent_wrapper.py:328: error: Argument "role" to "_store_turn" has incompatible type "str"; expected "Literal['user', 'assistant']"  [arg-type]
src/evaluation/agent_wrapper.py:338: error: Argument "role" to "_store_turn" has incompatible type "str"; expected "Literal['user', 'assistant']"  [arg-type]
src/evaluation/agent_wrapper.py:378: error: Argument 1 to "len" has incompatible type "TurnData | list[Never]"; expected "Sized"  [arg-type]
src/evaluation/agent_wrapper.py:486: error: Argument 1 to "parse_args" of "ArgumentParser" has incompatible type "Iterable[str] | None"; expected "Sequence[str] | None"  [arg-type]
tests/integration/test_wrapper_agents_integration.py:30: error: Module has no attribute "UnifiedMemorySystem"  [attr-defined]
tests/integration/test_wrapper_agents_integration.py:67: error: Name "pytest.MockFixture" is not defined  [name-defined]
tests/evaluation/test_agent_wrapper.py:27: error: Module has no attribute "UnifiedMemorySystem"  [attr-defined]
tests/evaluation/test_agent_wrapper.py:58: error: Name "pytest.MockFixture" is not defined  [name-defined]
tests/evaluation/test_agent_wrapper.py:111: error: Name "pytest.MockFixture" is not defined  [name-defined]
src/server.py:155: error: Argument "role" to "_store_turn" has incompatible type "str"; expected "Literal['user', 'assistant']"  [arg-type]
src/server.py:159: error: Argument "role" to "_store_turn" has incompatible type "str"; expected "Literal['user', 'assistant']"  [arg-type]
src/server.py:272: error: Argument 1 to "parse_args" of "ArgumentParser" has incompatible type "Iterable[str] | None"; expected "Sequence[str] | None"  [arg-type]
Found 127 errors in 37 files (checked 252 source files)
